[debug] [2024-12-23T07:26:25.905Z] ----------------------------------------------------------------------
[debug] [2024-12-23T07:26:25.906Z] Command:       /Users/humantechno001/.nvm/versions/node/v20.10.0/bin/node /Users/humantechno001/.nvm/versions/node/v20.10.0/bin/firebase emulators:start --only functions
[debug] [2024-12-23T07:26:25.907Z] CLI Version:   13.29.1
[debug] [2024-12-23T07:26:25.907Z] Platform:      darwin
[debug] [2024-12-23T07:26:25.907Z] Node Version:  v20.10.0
[debug] [2024-12-23T07:26:25.907Z] Time:          Mon Dec 23 2024 14:26:25 GMT+0700 (Western Indonesia Time)
[debug] [2024-12-23T07:26:25.907Z] ----------------------------------------------------------------------
[debug] 
[debug] [2024-12-23T07:26:25.970Z] > command requires scopes: ["email","openid","https://www.googleapis.com/auth/cloudplatformprojects.readonly","https://www.googleapis.com/auth/firebase","https://www.googleapis.com/auth/cloud-platform"]
[debug] [2024-12-23T07:26:25.970Z] > authorizing via signed-in user (p.erikson.saragi@gmail.com)
[info] i  emulators: Starting emulators: functions {"metadata":{"emulator":{"name":"hub"},"message":"Starting emulators: functions"}}
[debug] [2024-12-23T07:26:26.073Z] [logging] Logging Emulator only supports listening on one address (127.0.0.1). Not listening on ::1
[debug] [2024-12-23T07:26:26.073Z] assigned listening specs for emulators {"user":{"hub":[{"address":"127.0.0.1","family":"IPv4","port":4400},{"address":"::1","family":"IPv6","port":4400}],"ui":[{"address":"127.0.0.1","family":"IPv4","port":4000},{"address":"::1","family":"IPv6","port":4000}],"logging":[{"address":"127.0.0.1","family":"IPv4","port":4500}]},"metadata":{"message":"assigned listening specs for emulators"}}
[debug] [2024-12-23T07:26:26.075Z] [hub] writing locator at /tmp/hub-ebuddy-30bc4.json
[debug] [2024-12-23T07:26:26.175Z] [functions] Functions Emulator only supports listening on one address (127.0.0.1). Not listening on ::1
[debug] [2024-12-23T07:26:26.175Z] [eventarc] Eventarc Emulator only supports listening on one address (127.0.0.1). Not listening on ::1
[debug] [2024-12-23T07:26:26.175Z] [tasks] Cloud Tasks Emulator only supports listening on one address (127.0.0.1). Not listening on ::1
[debug] [2024-12-23T07:26:26.175Z] late-assigned ports for functions and eventarc emulators {"user":{"hub":[{"address":"127.0.0.1","family":"IPv4","port":4400},{"address":"::1","family":"IPv6","port":4400}],"ui":[{"address":"127.0.0.1","family":"IPv4","port":4000},{"address":"::1","family":"IPv6","port":4000}],"logging":[{"address":"127.0.0.1","family":"IPv4","port":4500}],"functions":[{"address":"127.0.0.1","family":"IPv4","port":50001}],"eventarc":[{"address":"127.0.0.1","family":"IPv4","port":9299}],"tasks":[{"address":"127.0.0.1","family":"IPv4","port":9499}]},"metadata":{"message":"late-assigned ports for functions and eventarc emulators"}}
[warn] ⚠  functions: The following emulators are not running, calls to these services from the Functions emulator will affect production: apphosting, auth, firestore, database, hosting, pubsub, storage, dataconnect {"metadata":{"emulator":{"name":"functions"},"message":"The following emulators are not running, calls to these services from the Functions emulator will affect production: \u001b[1mapphosting, auth, firestore, database, hosting, pubsub, storage, dataconnect\u001b[22m"}}
[debug] [2024-12-23T07:26:26.176Z] defaultcredentials: writing to file /Users/humantechno001/.config/firebase/p_erikson.saragi_gmail.com_application_default_credentials.json
[debug] [2024-12-23T07:26:26.180Z] Setting GAC to /Users/humantechno001/.config/firebase/p_erikson.saragi_gmail.com_application_default_credentials.json {"metadata":{"emulator":{"name":"functions"},"message":"Setting GAC to /Users/humantechno001/.config/firebase/p_erikson.saragi_gmail.com_application_default_credentials.json"}}
[debug] [2024-12-23T07:26:26.181Z] Checked if tokens are valid: true, expires at: 1734942122099
[debug] [2024-12-23T07:26:26.181Z] Checked if tokens are valid: true, expires at: 1734942122099
[debug] [2024-12-23T07:26:26.181Z] >>> [apiv2][query] GET https://firebase.googleapis.com/v1beta1/projects/ebuddy-30bc4/adminSdkConfig [none]
[debug] [2024-12-23T07:26:26.616Z] <<< [apiv2][status] GET https://firebase.googleapis.com/v1beta1/projects/ebuddy-30bc4/adminSdkConfig 200
[debug] [2024-12-23T07:26:26.616Z] <<< [apiv2][body] GET https://firebase.googleapis.com/v1beta1/projects/ebuddy-30bc4/adminSdkConfig {"projectId":"ebuddy-30bc4","storageBucket":"ebuddy-30bc4.firebasestorage.app"}
[info] i  functions: Watching "/Users/humantechno001/MyProjects/ebuddy/apps/backend-repo/dist" for Cloud Functions... {"metadata":{"emulator":{"name":"functions"},"message":"Watching \"/Users/humantechno001/MyProjects/ebuddy/apps/backend-repo/dist\" for Cloud Functions..."}}
[debug] [2024-12-23T07:26:26.645Z] Validating nodejs source
[debug] [2024-12-23T07:26:27.091Z] > [functions] package.json contents: {
  "name": "backend",
  "version": "0.1.0",
  "main": "app.js",
  "type": "module",
  "private": true,
  "scripts": {
    "dev": "npm run build && firebase emulators:start --only functions",
    "build": "tsc && cp package.json dist/",
    "check-types": "tsc --noEmit"
  },
  "dependencies": {
    "@repo/entities": "*",
    "cookie-parser": "^1.4.7",
    "cors": "^2.8.5",
    "express": "^4.21.2",
    "firebase-admin": "^12.6.0",
    "firebase-functions": "^6.0.0",
    "jsonwebtoken": "^9.0.2"
  },
  "devDependencies": {
    "@repo/eslint-config": "*",
    "@repo/typescript-config": "*",
    "@types/cookie-parser": "^1.4.8",
    "@types/express": "^5.0.0",
    "@types/node": "^20",
    "typescript": "5.5.4"
  },
  "engines": {
    "node": "20"
  }
}
[debug] [2024-12-23T07:26:27.091Z] Building nodejs source
[debug] [2024-12-23T07:26:27.092Z] Failed to find version of module node: reached end of search path /Users/humantechno001/MyProjects/ebuddy/apps/backend-repo/dist/node_modules
[info] ✔  functions: Using node@20 from host. 
[debug] [2024-12-23T07:26:27.093Z] Could not find functions.yaml. Must use http discovery
[debug] [2024-12-23T07:26:27.096Z] Found firebase-functions binary at '/Users/humantechno001/MyProjects/ebuddy/node_modules/.bin/firebase-functions'
[info] Serving at port 8533

[debug] [2024-12-23T07:26:27.420Z] Got response from /__/functions.yaml {"endpoints":{"api":{"availableMemoryMb":null,"timeoutSeconds":null,"minInstances":null,"maxInstances":null,"ingressSettings":null,"concurrency":null,"serviceAccountEmail":null,"vpc":null,"platform":"gcfv2","labels":{},"httpsTrigger":{},"entryPoint":"api"}},"specVersion":"v1alpha1","requiredAPIs":[],"extensions":{}}
[info] ✔  functions: Loaded functions definitions from source: api. {"metadata":{"emulator":{"name":"functions"},"message":"Loaded functions definitions from source: api."}}
[info] ✔  functions[us-central1-api]: http function initialized (http://127.0.0.1:50001/ebuddy-30bc4/us-central1/api). {"metadata":{"emulator":{"name":"functions"},"message":"\u001b[1mhttp\u001b[22m function initialized (http://127.0.0.1:50001/ebuddy-30bc4/us-central1/api)."}}
[debug] [2024-12-23T07:26:32.453Z] Could not find VSCode notification endpoint: FetchError: request to http://localhost:40001/vscode/notify failed, reason: . If you are not running the Firebase Data Connect VSCode extension, this is expected and not an issue.
[info] 
┌─────────────────────────────────────────────────────────────┐
│ ✔  All emulators ready! It is now safe to connect your app. │
│ i  View Emulator UI at http://127.0.0.1:4000/               │
└─────────────────────────────────────────────────────────────┘

┌───────────┬─────────────────┬─────────────────────────────────┐
│ Emulator  │ Host:Port       │ View in Emulator UI             │
├───────────┼─────────────────┼─────────────────────────────────┤
│ Functions │ 127.0.0.1:50001 │ http://127.0.0.1:4000/functions │
└───────────┴─────────────────┴─────────────────────────────────┘
  Emulator Hub running at 127.0.0.1:4400
  Other reserved ports: 4500

Issues? Report them at https://github.com/firebase/firebase-tools/issues and attach the *-debug.log files.
 
[debug] [2024-12-23T07:26:52.036Z] [work-queue] {"queuedWork":["/ebuddy-30bc4/us-central1/api/users/fetch-user-data-2024-12-23T07:26:52.036Z"],"queueLength":1,"runningWork":[],"workRunningCount":0}
[debug] [2024-12-23T07:26:52.037Z] [work-queue] {"queuedWork":[],"queueLength":0,"runningWork":["/ebuddy-30bc4/us-central1/api/users/fetch-user-data-2024-12-23T07:26:52.036Z"],"workRunningCount":1}
[debug] [2024-12-23T07:26:52.037Z] Accepted request GET /ebuddy-30bc4/us-central1/api/users/fetch-user-data --> us-central1-api
[debug] [2024-12-23T07:26:52.039Z] [functions] Runtime ready! Sending request! {"metadata":{"emulator":{"name":"functions"},"message":"[functions] Runtime ready! Sending request!"}}
[debug] [2024-12-23T07:26:52.040Z] [functions] Got req.url=/ebuddy-30bc4/us-central1/api/users/fetch-user-data, mapping to path=/users/fetch-user-data {"metadata":{"emulator":{"name":"functions"},"message":"[functions] Got req.url=/ebuddy-30bc4/us-central1/api/users/fetch-user-data, mapping to path=/users/fetch-user-data"}}
[debug] [2024-12-23T07:26:52.042Z] [worker-pool] addWorker(us-central1-api) {"metadata":{"emulator":{"name":"functions"},"message":"[worker-pool] addWorker(us-central1-api)"}}
[debug] [2024-12-23T07:26:52.042Z] [worker-pool] Adding worker with key us-central1-api, total=1 {"metadata":{"emulator":{"name":"functions"},"message":"[worker-pool] Adding worker with key us-central1-api, total=1"}}
[debug] [2024-12-23T07:26:52.778Z] [runtime-status] [99709] Resolved module firebase-admin {"declared":true,"installed":true,"version":"12.7.0","resolution":"/Users/humantechno001/MyProjects/ebuddy/node_modules/firebase-admin/lib/index.js"} {"metadata":{"emulator":{"name":"functions"},"function":{"name":"us-central1-api"},"extension":{},"message":"[runtime-status] [99709] Resolved module firebase-admin {\"declared\":true,\"installed\":true,\"version\":\"12.7.0\",\"resolution\":\"/Users/humantechno001/MyProjects/ebuddy/node_modules/firebase-admin/lib/index.js\"}"}}
[debug] [2024-12-23T07:26:52.778Z] [runtime-status] [99709] Resolved module firebase-functions {"declared":true,"installed":true,"version":"6.2.0","resolution":"/Users/humantechno001/MyProjects/ebuddy/node_modules/firebase-functions/lib/v2/index.js"} {"metadata":{"emulator":{"name":"functions"},"function":{"name":"us-central1-api"},"extension":{},"message":"[runtime-status] [99709] Resolved module firebase-functions {\"declared\":true,\"installed\":true,\"version\":\"6.2.0\",\"resolution\":\"/Users/humantechno001/MyProjects/ebuddy/node_modules/firebase-functions/lib/v2/index.js\"}"}}
[debug] [2024-12-23T07:26:52.778Z] [runtime-status] [99709] Outgoing network have been stubbed. [{"name":"http","status":"mocked"},{"name":"http","status":"mocked"},{"name":"https","status":"mocked"},{"name":"https","status":"mocked"},{"name":"net","status":"mocked"}] {"metadata":{"emulator":{"name":"functions"},"function":{"name":"us-central1-api"},"extension":{},"message":"[runtime-status] [99709] Outgoing network have been stubbed. [{\"name\":\"http\",\"status\":\"mocked\"},{\"name\":\"http\",\"status\":\"mocked\"},{\"name\":\"https\",\"status\":\"mocked\"},{\"name\":\"https\",\"status\":\"mocked\"},{\"name\":\"net\",\"status\":\"mocked\"}]"}}
[debug] [2024-12-23T07:26:52.778Z] [runtime-status] [99709] Resolved module firebase-functions {"declared":true,"installed":true,"version":"6.2.0","resolution":"/Users/humantechno001/MyProjects/ebuddy/node_modules/firebase-functions/lib/v2/index.js"} {"metadata":{"emulator":{"name":"functions"},"function":{"name":"us-central1-api"},"extension":{},"message":"[runtime-status] [99709] Resolved module firebase-functions {\"declared\":true,\"installed\":true,\"version\":\"6.2.0\",\"resolution\":\"/Users/humantechno001/MyProjects/ebuddy/node_modules/firebase-functions/lib/v2/index.js\"}"}}
[debug] [2024-12-23T07:26:52.929Z] [runtime-status] [99709] Checked functions.config() {"config":{}} {"metadata":{"emulator":{"name":"functions"},"function":{"name":"us-central1-api"},"extension":{},"message":"[runtime-status] [99709] Checked functions.config() {\"config\":{}}"}}
[debug] [2024-12-23T07:26:52.929Z] [runtime-status] [99709] firebase-functions has been stubbed. {"functionsResolution":{"declared":true,"installed":true,"version":"6.2.0","resolution":"/Users/humantechno001/MyProjects/ebuddy/node_modules/firebase-functions/lib/v2/index.js"}} {"metadata":{"emulator":{"name":"functions"},"function":{"name":"us-central1-api"},"extension":{},"message":"[runtime-status] [99709] firebase-functions has been stubbed. {\"functionsResolution\":{\"declared\":true,\"installed\":true,\"version\":\"6.2.0\",\"resolution\":\"/Users/humantechno001/MyProjects/ebuddy/node_modules/firebase-functions/lib/v2/index.js\"}}"}}
[debug] [2024-12-23T07:26:52.929Z] [runtime-status] [99709] Resolved module firebase-functions {"declared":true,"installed":true,"version":"6.2.0","resolution":"/Users/humantechno001/MyProjects/ebuddy/node_modules/firebase-functions/lib/v2/index.js"} {"metadata":{"emulator":{"name":"functions"},"function":{"name":"us-central1-api"},"extension":{},"message":"[runtime-status] [99709] Resolved module firebase-functions {\"declared\":true,\"installed\":true,\"version\":\"6.2.0\",\"resolution\":\"/Users/humantechno001/MyProjects/ebuddy/node_modules/firebase-functions/lib/v2/index.js\"}"}}
[debug] [2024-12-23T07:26:52.931Z] [runtime-status] [99709] Resolved module firebase-admin {"declared":true,"installed":true,"version":"12.7.0","resolution":"/Users/humantechno001/MyProjects/ebuddy/node_modules/firebase-admin/lib/index.js"} {"metadata":{"emulator":{"name":"functions"},"function":{"name":"us-central1-api"},"extension":{},"message":"[runtime-status] [99709] Resolved module firebase-admin {\"declared\":true,\"installed\":true,\"version\":\"12.7.0\",\"resolution\":\"/Users/humantechno001/MyProjects/ebuddy/node_modules/firebase-admin/lib/index.js\"}"}}
[debug] [2024-12-23T07:26:52.932Z] [runtime-status] [99709] Resolved module firebase-functions {"declared":true,"installed":true,"version":"6.2.0","resolution":"/Users/humantechno001/MyProjects/ebuddy/node_modules/firebase-functions/lib/v2/index.js"} {"metadata":{"emulator":{"name":"functions"},"function":{"name":"us-central1-api"},"extension":{},"message":"[runtime-status] [99709] Resolved module firebase-functions {\"declared\":true,\"installed\":true,\"version\":\"6.2.0\",\"resolution\":\"/Users/humantechno001/MyProjects/ebuddy/node_modules/firebase-functions/lib/v2/index.js\"}"}}
[debug] [2024-12-23T07:26:52.932Z] [runtime-status] [99709] firebase-admin has been stubbed. {"adminResolution":{"declared":true,"installed":true,"version":"12.7.0","resolution":"/Users/humantechno001/MyProjects/ebuddy/node_modules/firebase-admin/lib/index.js"}} {"metadata":{"emulator":{"name":"functions"},"function":{"name":"us-central1-api"},"extension":{},"message":"[runtime-status] [99709] firebase-admin has been stubbed. {\"adminResolution\":{\"declared\":true,\"installed\":true,\"version\":\"12.7.0\",\"resolution\":\"/Users/humantechno001/MyProjects/ebuddy/node_modules/firebase-admin/lib/index.js\"}}"}}
[debug] [2024-12-23T07:26:53.010Z] [runtime-status] [99709] Functions runtime initialized. {"cwd":"/Users/humantechno001/MyProjects/ebuddy/apps/backend-repo/dist","node_version":"20.10.0"} {"metadata":{"emulator":{"name":"functions"},"function":{"name":"us-central1-api"},"extension":{},"message":"[runtime-status] [99709] Functions runtime initialized. {\"cwd\":\"/Users/humantechno001/MyProjects/ebuddy/apps/backend-repo/dist\",\"node_version\":\"20.10.0\"}"}}
[debug] [2024-12-23T07:26:53.010Z] [runtime-status] [99709] Listening to port: /tmp/fire_emu_fdf0953b75e5d9be.sock {"metadata":{"emulator":{"name":"functions"},"function":{"name":"us-central1-api"},"extension":{},"message":"[runtime-status] [99709] Listening to port: /tmp/fire_emu_fdf0953b75e5d9be.sock"}}
[debug] [2024-12-23T07:26:53.061Z] [worker-us-central1-api-0aed5c5e-2138-4abe-9363-0baa5b15de39]: IDLE {"metadata":{"emulator":{"name":"functions"},"function":{"name":"us-central1-api"},"extension":{},"message":"[worker-us-central1-api-0aed5c5e-2138-4abe-9363-0baa5b15de39]: IDLE"}}
[debug] [2024-12-23T07:26:53.062Z] [worker-pool] submitRequest(triggerId=us-central1-api) {"metadata":{"emulator":{"name":"functions"},"message":"[worker-pool] submitRequest(triggerId=us-central1-api)"}}
[info] i  functions: Beginning execution of "us-central1-api" {"metadata":{"emulator":{"name":"functions"},"function":{"name":"us-central1-api"},"extension":{},"message":"Beginning execution of \"us-central1-api\""}}
[debug] [2024-12-23T07:26:53.062Z] [worker-us-central1-api-0aed5c5e-2138-4abe-9363-0baa5b15de39]: BUSY {"metadata":{"emulator":{"name":"functions"},"function":{"name":"us-central1-api"},"extension":{},"message":"[worker-us-central1-api-0aed5c5e-2138-4abe-9363-0baa5b15de39]: BUSY"}}
[warn] ⚠  Google API requested!
   - URL: "https://oauth2.googleapis.com/token"
   - Be careful, this may be a production service. {"metadata":{"emulator":{"name":"functions"},"function":{"name":"us-central1-api"},"extension":{},"message":"Google API requested!\n   - URL: \"https://oauth2.googleapis.com/token\"\n   - Be careful, this may be a production service."}}
[debug] [2024-12-23T07:26:53.783Z] Finishing up request with event=pause {"metadata":{"emulator":{"name":"functions"},"function":{"name":"us-central1-api"},"extension":{},"message":"Finishing up request with event=pause"}}
[info] i  functions: Finished "us-central1-api" in 721.604292ms {"metadata":{"emulator":{"name":"functions"},"function":{"name":"us-central1-api"},"extension":{},"message":"Finished \"us-central1-api\" in 721.604292ms"}}
[debug] [2024-12-23T07:26:53.784Z] [worker-us-central1-api-0aed5c5e-2138-4abe-9363-0baa5b15de39]: IDLE {"metadata":{"emulator":{"name":"functions"},"function":{"name":"us-central1-api"},"extension":{},"message":"[worker-us-central1-api-0aed5c5e-2138-4abe-9363-0baa5b15de39]: IDLE"}}
[debug] [2024-12-23T07:26:53.784Z] Finishing up request with event=finish {"metadata":{"emulator":{"name":"functions"},"function":{"name":"us-central1-api"},"extension":{},"message":"Finishing up request with event=finish"}}
[debug] [2024-12-23T07:26:53.784Z] Finishing up request with event=close {"metadata":{"emulator":{"name":"functions"},"function":{"name":"us-central1-api"},"extension":{},"message":"Finishing up request with event=close"}}
[debug] [2024-12-23T07:26:53.784Z] [work-queue] {"queuedWork":[],"queueLength":0,"runningWork":[],"workRunningCount":0}
[debug] [2024-12-23T07:26:59.838Z] [work-queue] {"queuedWork":["/ebuddy-30bc4/us-central1/api/users/update-user-data-2024-12-23T07:26:59.838Z"],"queueLength":1,"runningWork":[],"workRunningCount":0}
[debug] [2024-12-23T07:26:59.838Z] [work-queue] {"queuedWork":[],"queueLength":0,"runningWork":["/ebuddy-30bc4/us-central1/api/users/update-user-data-2024-12-23T07:26:59.838Z"],"workRunningCount":1}
[debug] [2024-12-23T07:26:59.838Z] Accepted request PUT /ebuddy-30bc4/us-central1/api/users/update-user-data --> us-central1-api
[debug] [2024-12-23T07:26:59.840Z] [functions] Runtime ready! Sending request! {"metadata":{"emulator":{"name":"functions"},"message":"[functions] Runtime ready! Sending request!"}}
[debug] [2024-12-23T07:26:59.840Z] [functions] Got req.url=/ebuddy-30bc4/us-central1/api/users/update-user-data, mapping to path=/users/update-user-data {"metadata":{"emulator":{"name":"functions"},"message":"[functions] Got req.url=/ebuddy-30bc4/us-central1/api/users/update-user-data, mapping to path=/users/update-user-data"}}
[debug] [2024-12-23T07:26:59.841Z] [worker-pool] submitRequest(triggerId=us-central1-api) {"metadata":{"emulator":{"name":"functions"},"message":"[worker-pool] submitRequest(triggerId=us-central1-api)"}}
[info] i  functions: Beginning execution of "us-central1-api" {"metadata":{"emulator":{"name":"functions"},"function":{"name":"us-central1-api"},"extension":{},"message":"Beginning execution of \"us-central1-api\""}}
[debug] [2024-12-23T07:26:59.841Z] [worker-us-central1-api-0aed5c5e-2138-4abe-9363-0baa5b15de39]: BUSY {"metadata":{"emulator":{"name":"functions"},"function":{"name":"us-central1-api"},"extension":{},"message":"[worker-us-central1-api-0aed5c5e-2138-4abe-9363-0baa5b15de39]: BUSY"}}
[debug] [2024-12-23T07:27:00.026Z] Finishing up request with event=pause {"metadata":{"emulator":{"name":"functions"},"function":{"name":"us-central1-api"},"extension":{},"message":"Finishing up request with event=pause"}}
[info] i  functions: Finished "us-central1-api" in 184.786625ms {"metadata":{"emulator":{"name":"functions"},"function":{"name":"us-central1-api"},"extension":{},"message":"Finished \"us-central1-api\" in 184.786625ms"}}
[debug] [2024-12-23T07:27:00.026Z] [worker-us-central1-api-0aed5c5e-2138-4abe-9363-0baa5b15de39]: IDLE {"metadata":{"emulator":{"name":"functions"},"function":{"name":"us-central1-api"},"extension":{},"message":"[worker-us-central1-api-0aed5c5e-2138-4abe-9363-0baa5b15de39]: IDLE"}}
[debug] [2024-12-23T07:27:00.026Z] Finishing up request with event=finish {"metadata":{"emulator":{"name":"functions"},"function":{"name":"us-central1-api"},"extension":{},"message":"Finishing up request with event=finish"}}
[debug] [2024-12-23T07:27:00.026Z] Finishing up request with event=close {"metadata":{"emulator":{"name":"functions"},"function":{"name":"us-central1-api"},"extension":{},"message":"Finishing up request with event=close"}}
[debug] [2024-12-23T07:27:00.026Z] [work-queue] {"queuedWork":[],"queueLength":0,"runningWork":[],"workRunningCount":0}
[debug] [2024-12-23T07:27:12.162Z] [work-queue] {"queuedWork":["/ebuddy-30bc4/us-central1/api/users/fetch-user-data-2024-12-23T07:27:12.161Z"],"queueLength":1,"runningWork":[],"workRunningCount":0}
[debug] [2024-12-23T07:27:12.163Z] [work-queue] {"queuedWork":[],"queueLength":0,"runningWork":["/ebuddy-30bc4/us-central1/api/users/fetch-user-data-2024-12-23T07:27:12.161Z"],"workRunningCount":1}
[debug] [2024-12-23T07:27:12.163Z] Accepted request GET /ebuddy-30bc4/us-central1/api/users/fetch-user-data --> us-central1-api
[debug] [2024-12-23T07:27:12.166Z] [functions] Runtime ready! Sending request! {"metadata":{"emulator":{"name":"functions"},"message":"[functions] Runtime ready! Sending request!"}}
[debug] [2024-12-23T07:27:12.166Z] [functions] Got req.url=/ebuddy-30bc4/us-central1/api/users/fetch-user-data, mapping to path=/users/fetch-user-data {"metadata":{"emulator":{"name":"functions"},"message":"[functions] Got req.url=/ebuddy-30bc4/us-central1/api/users/fetch-user-data, mapping to path=/users/fetch-user-data"}}
[debug] [2024-12-23T07:27:12.166Z] [worker-pool] submitRequest(triggerId=us-central1-api) {"metadata":{"emulator":{"name":"functions"},"message":"[worker-pool] submitRequest(triggerId=us-central1-api)"}}
[info] i  functions: Beginning execution of "us-central1-api" {"metadata":{"emulator":{"name":"functions"},"function":{"name":"us-central1-api"},"extension":{},"message":"Beginning execution of \"us-central1-api\""}}
[debug] [2024-12-23T07:27:12.166Z] [worker-us-central1-api-0aed5c5e-2138-4abe-9363-0baa5b15de39]: BUSY {"metadata":{"emulator":{"name":"functions"},"function":{"name":"us-central1-api"},"extension":{},"message":"[worker-us-central1-api-0aed5c5e-2138-4abe-9363-0baa5b15de39]: BUSY"}}
[debug] [2024-12-23T07:27:12.306Z] Finishing up request with event=pause {"metadata":{"emulator":{"name":"functions"},"function":{"name":"us-central1-api"},"extension":{},"message":"Finishing up request with event=pause"}}
[info] i  functions: Finished "us-central1-api" in 139.421292ms {"metadata":{"emulator":{"name":"functions"},"function":{"name":"us-central1-api"},"extension":{},"message":"Finished \"us-central1-api\" in 139.421292ms"}}
[debug] [2024-12-23T07:27:12.306Z] [worker-us-central1-api-0aed5c5e-2138-4abe-9363-0baa5b15de39]: IDLE {"metadata":{"emulator":{"name":"functions"},"function":{"name":"us-central1-api"},"extension":{},"message":"[worker-us-central1-api-0aed5c5e-2138-4abe-9363-0baa5b15de39]: IDLE"}}
[debug] [2024-12-23T07:27:12.306Z] Finishing up request with event=finish {"metadata":{"emulator":{"name":"functions"},"function":{"name":"us-central1-api"},"extension":{},"message":"Finishing up request with event=finish"}}
[debug] [2024-12-23T07:27:12.306Z] Finishing up request with event=close {"metadata":{"emulator":{"name":"functions"},"function":{"name":"us-central1-api"},"extension":{},"message":"Finishing up request with event=close"}}
[debug] [2024-12-23T07:27:12.306Z] [work-queue] {"queuedWork":[],"queueLength":0,"runningWork":[],"workRunningCount":0}
[debug] [2024-12-23T07:27:16.602Z] [work-queue] {"queuedWork":["/ebuddy-30bc4/us-central1/api/users/fetch-user-data-2024-12-23T07:27:16.601Z"],"queueLength":1,"runningWork":[],"workRunningCount":0}
[debug] [2024-12-23T07:27:16.602Z] [work-queue] {"queuedWork":[],"queueLength":0,"runningWork":["/ebuddy-30bc4/us-central1/api/users/fetch-user-data-2024-12-23T07:27:16.601Z"],"workRunningCount":1}
[debug] [2024-12-23T07:27:16.602Z] Accepted request GET /ebuddy-30bc4/us-central1/api/users/fetch-user-data --> us-central1-api
[debug] [2024-12-23T07:27:16.605Z] [functions] Runtime ready! Sending request! {"metadata":{"emulator":{"name":"functions"},"message":"[functions] Runtime ready! Sending request!"}}
[debug] [2024-12-23T07:27:16.605Z] [functions] Got req.url=/ebuddy-30bc4/us-central1/api/users/fetch-user-data, mapping to path=/users/fetch-user-data {"metadata":{"emulator":{"name":"functions"},"message":"[functions] Got req.url=/ebuddy-30bc4/us-central1/api/users/fetch-user-data, mapping to path=/users/fetch-user-data"}}
[debug] [2024-12-23T07:27:16.606Z] [worker-pool] submitRequest(triggerId=us-central1-api) {"metadata":{"emulator":{"name":"functions"},"message":"[worker-pool] submitRequest(triggerId=us-central1-api)"}}
[info] i  functions: Beginning execution of "us-central1-api" {"metadata":{"emulator":{"name":"functions"},"function":{"name":"us-central1-api"},"extension":{},"message":"Beginning execution of \"us-central1-api\""}}
[debug] [2024-12-23T07:27:16.608Z] [worker-us-central1-api-0aed5c5e-2138-4abe-9363-0baa5b15de39]: BUSY {"metadata":{"emulator":{"name":"functions"},"function":{"name":"us-central1-api"},"extension":{},"message":"[worker-us-central1-api-0aed5c5e-2138-4abe-9363-0baa5b15de39]: BUSY"}}
[debug] [2024-12-23T07:27:16.707Z] Finishing up request with event=pause {"metadata":{"emulator":{"name":"functions"},"function":{"name":"us-central1-api"},"extension":{},"message":"Finishing up request with event=pause"}}
[info] i  functions: Finished "us-central1-api" in 99.357541ms {"metadata":{"emulator":{"name":"functions"},"function":{"name":"us-central1-api"},"extension":{},"message":"Finished \"us-central1-api\" in 99.357541ms"}}
[debug] [2024-12-23T07:27:16.707Z] [worker-us-central1-api-0aed5c5e-2138-4abe-9363-0baa5b15de39]: IDLE {"metadata":{"emulator":{"name":"functions"},"function":{"name":"us-central1-api"},"extension":{},"message":"[worker-us-central1-api-0aed5c5e-2138-4abe-9363-0baa5b15de39]: IDLE"}}
[debug] [2024-12-23T07:27:16.707Z] Finishing up request with event=finish {"metadata":{"emulator":{"name":"functions"},"function":{"name":"us-central1-api"},"extension":{},"message":"Finishing up request with event=finish"}}
[debug] [2024-12-23T07:27:16.707Z] Finishing up request with event=close {"metadata":{"emulator":{"name":"functions"},"function":{"name":"us-central1-api"},"extension":{},"message":"Finishing up request with event=close"}}
[debug] [2024-12-23T07:27:16.707Z] [work-queue] {"queuedWork":[],"queueLength":0,"runningWork":[],"workRunningCount":0}
